<?xml version="1.0" encoding="UTF-8"?>
<!-- Generated by org.testng.reporters.JUnitXMLReporter -->
<testsuite ignored="0" hostname="LAPTOP-H79FVVKT" failures="0" tests="3" name="Default test" time="363.324" errors="0" timestamp="2022-02-24T21:30:46 IST">
  <testcase classname="Assignment.Selenium.Demo" name="testRegistration" time="149.426"/>
  <testcase classname="Assignment.Selenium.Demo" name="testLogin" time="97.268"/>
  <testcase classname="Assignment.Selenium.Demo" name="testProfileModifications" time="110.955"/>
</testsuite> <!-- Default test -->
