<?xml version="1.0" encoding="UTF-8"?>
<!-- Generated by org.testng.reporters.JUnitXMLReporter -->
<testsuite ignored="0" hostname="LAPTOP-H79FVVKT" failures="1" tests="4" name="Test" time="360.06" errors="0" timestamp="2022-02-25T11:57:56 IST">
  <testcase classname="Assignment.Selenium.Demo" name="testRegistration" time="136.917"/>
  <testcase classname="Assignment.Selenium.Demo" name="testLogin" time="96.84"/>
  <testcase classname="Assignment.Selenium.Demo" name="testProfileModifications" time="108.483">
    <failure type="java.lang.AssertionError" message="expected [nscsio lxiwnx] but found [dqbozx qrcozw]">
      <![CDATA[java.lang.AssertionError: expected [nscsio lxiwnx] but found [dqbozx qrcozw]
at Assignment.Selenium.Demo.testProfileModifications(Demo.java:110)
at java.base/java.util.ArrayList.forEach(ArrayList.java:1511)
... Removed 33 stack frames]]>
    </failure>
  </testcase> <!-- testProfileModifications -->
  <testcase classname="Assignment.Selenium.DemoApi" name="getRequest" time="14.117"/>
</testsuite> <!-- Test -->
